<?xml version="1.0" encoding="utf-8" standalone="no"?>
<!--This file represents the results of running a test suite-->
<test-results name="C:\Documents and Settings\Martin\My Documents\GitHub\BooliNET\BooliNET.Test\bin\Debug\BooliNETTest.dll" total="54" errors="0" failures="0" not-run="0" inconclusive="0" ignored="0" skipped="0" invalid="0" date="2012-06-20" time="13:52:40">
  <environment nunit-version="2.6.0.12051" clr-version="2.0.50727.3634" os-version="Microsoft Windows NT 5.1.2600 Service Pack 3" platform="Win32NT" cwd="C:\Documents and Settings\Martin\My Documents\GitHub\BooliNET\BooliNET.Test\bin\Debug" machine-name="STURM" user="Martin" user-domain="STURM" />
  <culture-info current-culture="sv-SE" current-uiculture="en-US" />
  <test-suite type="Assembly" name="C:\Documents and Settings\Martin\My Documents\GitHub\BooliNET\BooliNET.Test\bin\Debug\BooliNETTest.dll" executed="True" result="Success" success="True" time="0.172" asserts="0">
    <results>
      <test-suite type="Namespace" name="BooliNET" executed="True" result="Success" success="True" time="0.172" asserts="0">
        <results>
          <test-suite type="Namespace" name="Test" executed="True" result="Success" success="True" time="0.172" asserts="0">
            <results>
              <test-suite type="TestFixture" name="BooliSearchConditionTest" executed="True" result="Success" success="True" time="0.172" asserts="0">
                <results>
                  <test-case name="BooliNET.Test.BooliSearchConditionTest.AreaIdFormatException" executed="True" result="Success" success="True" time="0.031" asserts="1" />
                  <test-case name="BooliNET.Test.BooliSearchConditionTest.AreaIdNegativeArgumentException" executed="True" result="Success" success="True" time="0.000" asserts="1" />
                  <test-case name="BooliNET.Test.BooliSearchConditionTest.BboxArg1OutOfBoundException" executed="True" result="Success" success="True" time="0.000" asserts="1" />
                  <test-case name="BooliNET.Test.BooliSearchConditionTest.BboxArg2OutOfBoundException" executed="True" result="Success" success="True" time="0.000" asserts="1" />
                  <test-case name="BooliNET.Test.BooliSearchConditionTest.BboxArg3OutOfBoundException" executed="True" result="Success" success="True" time="0.000" asserts="1" />
                  <test-case name="BooliNET.Test.BooliSearchConditionTest.BboxArg4OutOfBoundException" executed="True" result="Success" success="True" time="0.000" asserts="1" />
                  <test-case name="BooliNET.Test.BooliSearchConditionTest.BboxLenException" executed="True" result="Success" success="True" time="0.000" asserts="1" />
                  <test-case name="BooliNET.Test.BooliSearchConditionTest.CenterLatOutOfBoundException" executed="True" result="Success" success="True" time="0.000" asserts="1" />
                  <test-case name="BooliNET.Test.BooliSearchConditionTest.CenterLenException" executed="True" result="Success" success="True" time="0.000" asserts="1" />
                  <test-case name="BooliNET.Test.BooliSearchConditionTest.CenterLongOutOfBoundException" executed="True" result="Success" success="True" time="0.000" asserts="1" />
                  <test-case name="BooliNET.Test.BooliSearchConditionTest.CreateUrl" executed="True" result="Success" success="True" time="0.016" asserts="1" />
                  <test-case name="BooliNET.Test.BooliSearchConditionTest.CreateUrlArgumentException" executed="True" result="Success" success="True" time="0.000" asserts="1" />
                  <test-case name="BooliNET.Test.BooliSearchConditionTest.CreateUrlMissingCenterArgumentException" executed="True" result="Success" success="True" time="0.000" asserts="1" />
                  <test-case name="BooliNET.Test.BooliSearchConditionTest.CreateUrlMissingDimArgumentException" executed="True" result="Success" success="True" time="0.000" asserts="1" />
                  <test-case name="BooliNET.Test.BooliSearchConditionTest.DimArg1OutOfBoundException" executed="True" result="Success" success="True" time="0.000" asserts="1" />
                  <test-case name="BooliNET.Test.BooliSearchConditionTest.DimArg2OutOfBoundException" executed="True" result="Success" success="True" time="0.000" asserts="1" />
                  <test-case name="BooliNET.Test.BooliSearchConditionTest.DimLenException" executed="True" result="Success" success="True" time="0.000" asserts="1" />
                  <test-case name="BooliNET.Test.BooliSearchConditionTest.DuplicateObjectTypeArgumentException" executed="True" result="Success" success="True" time="0.000" asserts="1" />
                  <test-case name="BooliNET.Test.BooliSearchConditionTest.LimitNegativeArgumentException" executed="True" result="Success" success="True" time="0.000" asserts="1" />
                  <test-case name="BooliNET.Test.BooliSearchConditionTest.MaxCreatedFormatException" executed="True" result="Success" success="True" time="0.000" asserts="1" />
                  <test-case name="BooliNET.Test.BooliSearchConditionTest.MaxCreatedLenArgumentException" executed="True" result="Success" success="True" time="0.000" asserts="1" />
                  <test-case name="BooliNET.Test.BooliSearchConditionTest.MaxLivingAreaNegativeArgumentException" executed="True" result="Success" success="True" time="0.000" asserts="1" />
                  <test-case name="BooliNET.Test.BooliSearchConditionTest.MaxPlotAreaNegativeArgumentException" executed="True" result="Success" success="True" time="0.016" asserts="1" />
                  <test-case name="BooliNET.Test.BooliSearchConditionTest.MaxPriceNegativeArgumentException" executed="True" result="Success" success="True" time="0.000" asserts="1" />
                  <test-case name="BooliNET.Test.BooliSearchConditionTest.MaxRentNegativeArgumentException" executed="True" result="Success" success="True" time="0.000" asserts="1" />
                  <test-case name="BooliNET.Test.BooliSearchConditionTest.MaxRoomsNegativeArgumentException" executed="True" result="Success" success="True" time="0.000" asserts="1" />
                  <test-case name="BooliNET.Test.BooliSearchConditionTest.MinCreatedFormatException" executed="True" result="Success" success="True" time="0.000" asserts="1" />
                  <test-case name="BooliNET.Test.BooliSearchConditionTest.MinCreatedLenArgumentException" executed="True" result="Success" success="True" time="0.000" asserts="1" />
                  <test-case name="BooliNET.Test.BooliSearchConditionTest.MinLivingAreaNegativeArgumentException" executed="True" result="Success" success="True" time="0.000" asserts="1" />
                  <test-case name="BooliNET.Test.BooliSearchConditionTest.MinPlotAreaNegativeArgumentException" executed="True" result="Success" success="True" time="0.000" asserts="1" />
                  <test-case name="BooliNET.Test.BooliSearchConditionTest.MinPriceNegativeArgumentException" executed="True" result="Success" success="True" time="0.016" asserts="1" />
                  <test-case name="BooliNET.Test.BooliSearchConditionTest.MinRoomsNegativeArgumentException" executed="True" result="Success" success="True" time="0.000" asserts="1" />
                  <test-case name="BooliNET.Test.BooliSearchConditionTest.OffsetNegativeArgumentException" executed="True" result="Success" success="True" time="0.000" asserts="1" />
                  <test-case name="BooliNET.Test.BooliSearchConditionTest.SearchConditionsClear" executed="True" result="Success" success="True" time="0.000" asserts="1" />
                  <test-case name="BooliNET.Test.BooliSearchConditionTest.SetAreaId" executed="True" result="Success" success="True" time="0.000" asserts="1" />
                  <test-case name="BooliNET.Test.BooliSearchConditionTest.SetBbox" executed="True" result="Success" success="True" time="0.000" asserts="1" />
                  <test-case name="BooliNET.Test.BooliSearchConditionTest.SetCenter" executed="True" result="Success" success="True" time="0.000" asserts="1" />
                  <test-case name="BooliNET.Test.BooliSearchConditionTest.SetDim" executed="True" result="Success" success="True" time="0.000" asserts="1" />
                  <test-case name="BooliNET.Test.BooliSearchConditionTest.SetLimit" executed="True" result="Success" success="True" time="0.000" asserts="1" />
                  <test-case name="BooliNET.Test.BooliSearchConditionTest.SetMaxCreated" executed="True" result="Success" success="True" time="0.000" asserts="1" />
                  <test-case name="BooliNET.Test.BooliSearchConditionTest.SetMaxLivingArea" executed="True" result="Success" success="True" time="0.000" asserts="1" />
                  <test-case name="BooliNET.Test.BooliSearchConditionTest.SetMaxPlotArea" executed="True" result="Success" success="True" time="0.000" asserts="1" />
                  <test-case name="BooliNET.Test.BooliSearchConditionTest.SetMaxPrice" executed="True" result="Success" success="True" time="0.000" asserts="1" />
                  <test-case name="BooliNET.Test.BooliSearchConditionTest.SetMaxRent" executed="True" result="Success" success="True" time="0.000" asserts="1" />
                  <test-case name="BooliNET.Test.BooliSearchConditionTest.SetMaxRooms" executed="True" result="Success" success="True" time="0.000" asserts="1" />
                  <test-case name="BooliNET.Test.BooliSearchConditionTest.SetMinCreated" executed="True" result="Success" success="True" time="0.000" asserts="1" />
                  <test-case name="BooliNET.Test.BooliSearchConditionTest.SetMinLivingArea" executed="True" result="Success" success="True" time="0.000" asserts="1" />
                  <test-case name="BooliNET.Test.BooliSearchConditionTest.SetMinPlotArea" executed="True" result="Success" success="True" time="0.000" asserts="1" />
                  <test-case name="BooliNET.Test.BooliSearchConditionTest.SetMinPrice" executed="True" result="Success" success="True" time="0.000" asserts="1" />
                  <test-case name="BooliNET.Test.BooliSearchConditionTest.SetMinRooms" executed="True" result="Success" success="True" time="0.000" asserts="1" />
                  <test-case name="BooliNET.Test.BooliSearchConditionTest.SetObjectType" executed="True" result="Success" success="True" time="0.000" asserts="1" />
                  <test-case name="BooliNET.Test.BooliSearchConditionTest.SetOffset" executed="True" result="Success" success="True" time="0.000" asserts="1" />
                  <test-case name="BooliNET.Test.BooliSearchConditionTest.SetQ" executed="True" result="Success" success="True" time="0.000" asserts="1" />
                  <test-case name="BooliNET.Test.BooliSearchConditionTest.UnknownObjectTypeArgumentException" executed="True" result="Success" success="True" time="0.000" asserts="1" />
                </results>
              </test-suite>
            </results>
          </test-suite>
        </results>
      </test-suite>
    </results>
  </test-suite>
</test-results>